Line 81: Class MSDataGridLib.DataGrid of control DataGrid1 was not a loaded control class.
Line 147: Class MSAdodcLib.Adodc of control Adodc2 was not a loaded control class.
Line 87: The property name _ExtentX in DataGrid1 is invalid.
Line 88: The property name _ExtentY in DataGrid1 is invalid.
Line 89: The property name _Version in DataGrid1 is invalid.
Line 90: The property name HeadLines in DataGrid1 is invalid.
Line 91: The property name RowHeight in DataGrid1 is invalid.
Line 92: The property name AllowAddNew in DataGrid1 is invalid.
Line 93: The property name AllowDelete in DataGrid1 is invalid.
Line 102: The property name HeadFont in DataGrid1 is invalid.
Line 112: The property name ColumnCount in DataGrid1 is invalid.
Line 125: The property name Column00 in DataGrid1 is invalid.
Line 138: The property name Column01 in DataGrid1 is invalid.
Line 139: The property name SplitCount in DataGrid1 is invalid.
Line 145: The property name Split0 in DataGrid1 is invalid.
Line 153: The property name _ExtentX in Adodc2 is invalid.
Line 154: The property name _ExtentY in Adodc2 is invalid.
Line 155: The property name ConnectMode in Adodc2 is invalid.
Line 156: The property name CursorLocation in Adodc2 is invalid.
Line 157: The property name IsolationLevel in Adodc2 is invalid.
Line 158: The property name ConnectionTimeout in Adodc2 is invalid.
Line 159: The property name CommandTimeout in Adodc2 is invalid.
Line 160: The property name CursorType in Adodc2 is invalid.
Line 161: The property name LockType in Adodc2 is invalid.
Line 162: The property name CommandType in Adodc2 is invalid.
Line 163: The property name CursorOptions in Adodc2 is invalid.
Line 164: The property name CacheSize in Adodc2 is invalid.
Line 165: The property name MaxRecords in Adodc2 is invalid.
Line 166: The property name BOFAction in Adodc2 is invalid.
Line 167: The property name EOFAction in Adodc2 is invalid.
Line 168: The property name ConnectStringType in Adodc2 is invalid.
Line 172: The property name Orientation in Adodc2 is invalid.
Line 174: The property name Connect in Adodc2 is invalid.
Line 175: The property name OLEDBString in Adodc2 is invalid.
Line 176: The property name OLEDBFile in Adodc2 is invalid.
Line 177: The property name DataSourceName in Adodc2 is invalid.
Line 178: The property name OtherAttributes in Adodc2 is invalid.
Line 179: The property name UserName in Adodc2 is invalid.
Line 180: The property name Password in Adodc2 is invalid.
Line 181: The property name RecordSource in Adodc2 is invalid.
Line 182: The property name Caption in Adodc2 is invalid.
Line 192: The property name _Version in Adodc2 is invalid.
